Build started 7/30/2016 4:39:01 PM.
     1>Project "D:\personal\Code\Xplorer_V3.1\kHookdll\kHookdll.vcxproj" on node 2 (Rebuild target(s)).
     1>ClCompile:
         C:\Program Files (x86)\Microsoft Visual Studio 11.0\VC\bin\CL.exe /c /Zi /nologo /W1 /WX- /O2 /Oy- /Gm- /EHsc /MD /GS /fp:precise /Zc:wchar_t /Zc:forScope /Fo"Template\\" /Fd"Template\vc110.pdb" /Gd /TP /analyze- /errorReport:prompt kHookdll.cpp StdAfx.cpp
         kHookdll.cpp
         StdAfx.cpp
         Generating Code...
       Link:
         C:\Program Files (x86)\Microsoft Visual Studio 11.0\VC\bin\link.exe /ERRORREPORT:PROMPT /OUT:"D:\personal\Code\Xplorer_V3.1\Template\kHookdll.exe" /NOLOGO kernel32.lib user32.lib gdi32.lib winspool.lib comdlg32.lib advapi32.lib shell32.lib ole32.lib oleaut32.lib uuid.lib odbc32.lib odbccp32.lib /MANIFEST /MANIFESTUAC:"level='asInvoker' uiAccess='false'" /manifest:embed /PDB:"D:\personal\Code\Xplorer_V3.1\Template\kHookdll.pdb" /TLBID:1 /DYNAMICBASE /NXCOMPAT /IMPLIB:"D:\personal\Code\Xplorer_V3.1\Template\kHookdll.lib" /MACHINE:X86 /SAFESEH Template\kHookdll.obj
         Template\StdAfx.obj
            Creating library D:\personal\Code\Xplorer_V3.1\Template\kHookdll.lib and object D:\personal\Code\Xplorer_V3.1\Template\kHookdll.exp
     1>LINK : fatal error LNK1561: entry point must be defined
     1>Done Building Project "D:\personal\Code\Xplorer_V3.1\kHookdll\kHookdll.vcxproj" (Rebuild target(s)) -- FAILED.

Build FAILED.

Time Elapsed 00:00:00.74
